<?xml version="1.0" encoding="UTF-8"?>
<!-- Generated by org.testng.reporters.JUnitXMLReporter -->
<testsuite hostname="LAPTOP-PV7MIDLB" ignored="0" name="Test" tests="2" failures="1" timestamp="2021-07-20T03:45:07 IST" time="39.534" errors="0">
  <testcase name="LoginTest" time="14.309" classname="TestClass.LoginPageTest"/>
  <testcase name="invdTest" time="10.801" classname="TestClass.InvalidCredentialPageTest">
    <failure type="java.lang.NullPointerException">
      <![CDATA[java.lang.NullPointerException
at TestClass.InvalidCredentialPageTest.invdTest(InvalidCredentialPageTest.java:16)
at java.util.ArrayList.forEach(Unknown Source)
... Removed 27 stack frames]]>
    </failure>
  </testcase> <!-- invdTest -->
</testsuite> <!-- Test -->
